[02-07-2023 23:07:58.578] [INFO] [Main Thread] Initializing varriables
[02-07-2023 23:07:58.583] [INFO] [Main Thread] Varriables has been inilialized
[02-07-2023 23:07:58.583] [INFO] [Main Thread] Loading configurations files
[02-07-2023 23:07:58.586] [INFO] [Main Thread] Configurations files has been loaded
[02-07-2023 23:07:58.586] [INFO] [Main Thread] Loading server cache and data files
[02-07-2023 23:07:58.587] [INFO] [Main Thread] Server cache and data files has been loaded
[02-07-2023 23:07:58.587] [INFO] [Loxone Thread] Trying to establish connection with Loxone Miniserver
[02-07-2023 23:07:58.588] [INFO] [Loxone Thread] Trying to create listeners for receiving
[02-07-2023 23:07:58.588] [INFO] [Loxone Thread] Listeners for receiving has been added successfully
[02-07-2023 23:07:58.588] [INFO] [Loxone Thread] Trying to fetch settings from Loxone Miniserver
[02-07-2023 23:07:58.683] [INFO] [Loxone Thread] Settings from Loxone Miniserver fetched successfully
[02-07-2023 23:07:58.683] [INFO] [Loxone Thread] Configuring connection has been added successfully
[02-07-2023 23:07:58.684] [INFO] [Loxone Thread] Trying to create connection with Loxone Miniserver
[02-07-2023 23:07:58.911] [INFO] [Loxone Thread] Connection with Loxone Miniserver has been established successfully
[02-07-2023 23:07:58.912] [INFO] [Loxone Thread] Creating status update listener
[02-07-2023 23:07:58.917] [INFO] [Loxone Thread] Status update listener has been created
[02-07-2023 23:07:58.918] [INFO] [Voice Thread] Training voice model 10%
[02-07-2023 23:07:58.918] [INFO] [Voice Thread] Training voice model 20%
[02-07-2023 23:07:58.919] [INFO] [Voice Thread] Training voice model 30%
[02-07-2023 23:07:58.919] [INFO] [Voice Thread] Training voice model 40%
[02-07-2023 23:07:58.919] [INFO] [Voice Thread] Training voice model 50%
[02-07-2023 23:07:58.920] [INFO] [Voice Thread] Training voice model 70%
[02-07-2023 23:07:58.920] [INFO] [Voice Thread] Training voice model 60%
[02-07-2023 23:07:58.920] [INFO] [Voice Thread] Training voice model 80%
[02-07-2023 23:07:58.921] [INFO] [Voice Thread] Training voice model 90%
[02-07-2023 23:07:58.922] [INFO] [Interface Thread] Initializing Web interface listener
[02-07-2023 23:07:58.921] [INFO] [Voice Thread] Voice model has been trained
[02-07-2023 23:07:58.923] [INFO] [Interface Thread] Web interface listener has been initialized
[02-07-2023 23:07:58.923] [INFO] [Main Thread] Trying to create WebSocket listener
[02-07-2023 23:07:58.921] [INFO] [Voice Thread] Training voice model 100%
[02-07-2023 23:07:58.927] [INFO] [Main Thread] WebSocket listener is listening
[02-07-2023 23:07:58.927] [INFO] [Main Thread] Server has been fully started
[02-07-2023 23:07:58.929] [INFO] [Interface Thread] Trying to create Web Interface listener
[02-07-2023 23:07:58.931] [INFO] [Interface Thread] Web Interface listener has been created
[02-07-2023 23:07:58.932] [INFO] [Interface Thread] Web Interface listener running on http://localhost:80
[02-07-2023 23:08:09.413] [INFO] [Connection Thread] Client has connected [189b2ee0045]
[02-07-2023 23:13:47.813] [INFO] [Main Thread] Initializing varriables
[02-07-2023 23:13:47.822] [INFO] [Main Thread] Varriables has been inilialized
[02-07-2023 23:13:47.822] [INFO] [Main Thread] Loading configurations files
[02-07-2023 23:13:47.825] [INFO] [Main Thread] Configurations files has been loaded
[02-07-2023 23:13:47.825] [INFO] [Main Thread] Loading server cache and data files
[02-07-2023 23:13:47.827] [INFO] [Main Thread] Server cache and data files has been loaded
[02-07-2023 23:13:47.827] [INFO] [Loxone Thread] Trying to establish connection with Loxone Miniserver
[02-07-2023 23:13:47.828] [INFO] [Loxone Thread] Trying to create listeners for receiving
[02-07-2023 23:13:47.828] [INFO] [Loxone Thread] Listeners for receiving has been added successfully
[02-07-2023 23:13:47.828] [INFO] [Loxone Thread] Trying to fetch settings from Loxone Miniserver
[02-07-2023 23:13:47.913] [INFO] [Loxone Thread] Configuring connection has been added successfully
[02-07-2023 23:13:47.912] [INFO] [Loxone Thread] Settings from Loxone Miniserver fetched successfully
[02-07-2023 23:13:47.913] [INFO] [Loxone Thread] Trying to create connection with Loxone Miniserver
[02-07-2023 23:13:48.142] [INFO] [Loxone Thread] Connection with Loxone Miniserver has been established successfully
[02-07-2023 23:13:48.142] [INFO] [Loxone Thread] Creating status update listener
[02-07-2023 23:13:48.147] [INFO] [Loxone Thread] Status update listener has been created
[02-07-2023 23:13:48.148] [INFO] [Voice Thread] Training voice model 10%
[02-07-2023 23:13:48.157] [INFO] [Voice Thread] Training voice model 20%
[02-07-2023 23:13:48.157] [INFO] [Voice Thread] Training voice model 30%
[02-07-2023 23:13:48.159] [INFO] [Voice Thread] Training voice model 40%
[02-07-2023 23:13:48.161] [INFO] [Voice Thread] Training voice model 50%
[02-07-2023 23:13:48.162] [INFO] [Voice Thread] Training voice model 60%
[02-07-2023 23:13:48.163] [INFO] [Voice Thread] Training voice model 70%
[02-07-2023 23:13:48.169] [INFO] [Voice Thread] Training voice model 80%
[02-07-2023 23:13:48.177] [INFO] [Voice Thread] Training voice model 90%
[02-07-2023 23:13:48.181] [INFO] [Voice Thread] Voice model has been trained
[02-07-2023 23:13:48.181] [INFO] [Interface Thread] Initializing Web interface listener
[02-07-2023 23:13:48.180] [INFO] [Voice Thread] Training voice model 100%
[02-07-2023 23:13:48.182] [INFO] [Interface Thread] Web interface listener has been initialized
[02-07-2023 23:13:48.182] [INFO] [Main Thread] Trying to create WebSocket listener
[02-07-2023 23:13:48.186] [INFO] [Main Thread] WebSocket listener is listening
[02-07-2023 23:13:48.187] [INFO] [Main Thread] Server has been fully started
[02-07-2023 23:13:48.189] [INFO] [Interface Thread] Trying to create Web Interface listener
[02-07-2023 23:13:48.191] [INFO] [Interface Thread] Web Interface listener running on http://localhost:80
[02-07-2023 23:13:48.190] [INFO] [Interface Thread] Web Interface listener has been created
[02-07-2023 23:14:09.212] [INFO] [Main Thread] Initializing varriables
[02-07-2023 23:14:09.215] [INFO] [Main Thread] Varriables has been inilialized
[02-07-2023 23:14:09.215] [INFO] [Main Thread] Loading configurations files
[02-07-2023 23:14:09.220] [INFO] [Main Thread] Configurations files has been loaded
[02-07-2023 23:14:09.221] [INFO] [Main Thread] Loading server cache and data files
[02-07-2023 23:14:09.223] [INFO] [Main Thread] Server cache and data files has been loaded
[02-07-2023 23:14:09.223] [INFO] [Loxone Thread] Trying to establish connection with Loxone Miniserver
[02-07-2023 23:14:09.225] [INFO] [Loxone Thread] Trying to fetch settings from Loxone Miniserver
[02-07-2023 23:14:09.224] [INFO] [Loxone Thread] Listeners for receiving has been added successfully
[02-07-2023 23:14:09.224] [INFO] [Loxone Thread] Trying to create listeners for receiving
[02-07-2023 23:14:09.315] [INFO] [Loxone Thread] Settings from Loxone Miniserver fetched successfully
[02-07-2023 23:14:09.315] [INFO] [Loxone Thread] Configuring connection has been added successfully
[02-07-2023 23:14:09.316] [INFO] [Loxone Thread] Trying to create connection with Loxone Miniserver
[02-07-2023 23:14:09.549] [INFO] [Loxone Thread] Connection with Loxone Miniserver has been established successfully
[02-07-2023 23:14:09.549] [INFO] [Loxone Thread] Creating status update listener
[02-07-2023 23:14:09.555] [INFO] [Loxone Thread] Status update listener has been created
[02-07-2023 23:14:09.556] [INFO] [Voice Thread] Training voice model 10%
[02-07-2023 23:14:09.556] [INFO] [Voice Thread] Training voice model 20%
[02-07-2023 23:14:09.557] [INFO] [Voice Thread] Training voice model 30%
[02-07-2023 23:14:09.557] [INFO] [Voice Thread] Training voice model 40%
[02-07-2023 23:14:09.557] [INFO] [Voice Thread] Training voice model 50%
[02-07-2023 23:14:09.558] [INFO] [Voice Thread] Training voice model 60%
[02-07-2023 23:14:09.558] [INFO] [Voice Thread] Training voice model 70%
[02-07-2023 23:14:09.559] [INFO] [Voice Thread] Training voice model 80%
[02-07-2023 23:14:09.559] [INFO] [Voice Thread] Training voice model 90%
[02-07-2023 23:14:09.559] [INFO] [Voice Thread] Training voice model 100%
[02-07-2023 23:14:09.559] [INFO] [Voice Thread] Voice model has been trained
[02-07-2023 23:14:09.560] [INFO] [Interface Thread] Initializing Web interface listener
[02-07-2023 23:14:09.561] [INFO] [Interface Thread] Web interface listener has been initialized
[02-07-2023 23:14:09.561] [INFO] [Main Thread] Trying to create WebSocket listener
[02-07-2023 23:14:09.564] [INFO] [Main Thread] WebSocket listener is listening
[02-07-2023 23:14:09.567] [INFO] [Interface Thread] Trying to create Web Interface listener
[02-07-2023 23:14:09.570] [INFO] [Interface Thread] Web Interface listener running on http://localhost:80
[02-07-2023 23:14:09.569] [INFO] [Interface Thread] Web Interface listener has been created
[02-07-2023 23:14:09.565] [INFO] [Main Thread] Server has been fully started
[02-07-2023 23:14:11.653] [INFO] [Connection Thread] Client has connected [189b2f38745]
[02-07-2023 23:18:23.731] [INFO] [Main Thread] Initializing varriables
[02-07-2023 23:18:23.736] [INFO] [Main Thread] Loading configurations files
[02-07-2023 23:18:23.735] [INFO] [Main Thread] Varriables has been inilialized
[02-07-2023 23:18:23.738] [INFO] [Main Thread] Configurations files has been loaded
[02-07-2023 23:18:23.739] [INFO] [Main Thread] Loading server cache and data files
[02-07-2023 23:18:23.740] [INFO] [Main Thread] Server cache and data files has been loaded
[02-07-2023 23:18:23.740] [INFO] [Loxone Thread] Trying to establish connection with Loxone Miniserver
[02-07-2023 23:18:23.740] [INFO] [Loxone Thread] Listeners for receiving has been added successfully
[02-07-2023 23:18:23.740] [INFO] [Loxone Thread] Trying to create listeners for receiving
[02-07-2023 23:18:23.741] [INFO] [Loxone Thread] Trying to fetch settings from Loxone Miniserver
[02-07-2023 23:18:23.824] [INFO] [Loxone Thread] Settings from Loxone Miniserver fetched successfully
[02-07-2023 23:18:23.824] [INFO] [Loxone Thread] Configuring connection has been added successfully
[02-07-2023 23:18:23.825] [INFO] [Loxone Thread] Trying to create connection with Loxone Miniserver
[02-07-2023 23:18:24.46] [INFO] [Loxone Thread] Connection with Loxone Miniserver has been established successfully
[02-07-2023 23:18:24.47] [INFO] [Loxone Thread] Creating status update listener
[02-07-2023 23:18:24.51] [INFO] [Loxone Thread] Status update listener has been created
[02-07-2023 23:18:24.54] [INFO] [Voice Thread] Training voice model 10%
[02-07-2023 23:18:24.54] [INFO] [Voice Thread] Training voice model 20%
[02-07-2023 23:18:24.55] [INFO] [Voice Thread] Training voice model 30%
[02-07-2023 23:18:24.55] [INFO] [Voice Thread] Training voice model 40%
[02-07-2023 23:18:24.55] [INFO] [Voice Thread] Training voice model 50%
[02-07-2023 23:18:24.56] [INFO] [Voice Thread] Training voice model 60%
[02-07-2023 23:18:24.56] [INFO] [Voice Thread] Training voice model 70%
[02-07-2023 23:18:24.57] [INFO] [Voice Thread] Training voice model 80%
[02-07-2023 23:18:24.57] [INFO] [Voice Thread] Training voice model 90%
[02-07-2023 23:18:24.57] [INFO] [Voice Thread] Training voice model 100%
[02-07-2023 23:18:24.58] [INFO] [Voice Thread] Voice model has been trained
[02-07-2023 23:18:24.58] [INFO] [Interface Thread] Initializing Web interface listener
[02-07-2023 23:18:24.59] [INFO] [Interface Thread] Web interface listener has been initialized
[02-07-2023 23:18:24.59] [INFO] [Main Thread] Trying to create WebSocket listener
[02-07-2023 23:18:24.62] [INFO] [Main Thread] WebSocket listener is listening
[02-07-2023 23:18:24.63] [INFO] [Main Thread] Server has been fully started
[02-07-2023 23:18:24.66] [INFO] [Interface Thread] Trying to create Web Interface listener
[02-07-2023 23:18:24.67] [INFO] [Interface Thread] Web Interface listener has been created
[02-07-2023 23:18:24.67] [INFO] [Interface Thread] Web Interface listener running on http://localhost:80
[02-07-2023 23:18:27.645] [INFO] [Connection Thread] Client has connected [189b2f76f3d]
[02-07-2023 23:42:45.72] [INFO] [Main Thread] Initializing varriables
[02-07-2023 23:42:45.76] [INFO] [Main Thread] Varriables has been inilialized
[02-07-2023 23:42:45.78] [INFO] [Main Thread] Loading configurations files
[02-07-2023 23:42:45.81] [INFO] [Main Thread] Configurations files has been loaded
[02-07-2023 23:42:45.81] [INFO] [Main Thread] Loading server cache and data files
[02-07-2023 23:42:45.82] [INFO] [Main Thread] Server cache and data files has been loaded
[02-07-2023 23:42:45.83] [INFO] [Loxone Thread] Trying to establish connection with Loxone Miniserver
[02-07-2023 23:42:45.84] [INFO] [Loxone Thread] Trying to fetch settings from Loxone Miniserver
[02-07-2023 23:42:45.83] [INFO] [Loxone Thread] Listeners for receiving has been added successfully
[02-07-2023 23:42:45.83] [INFO] [Loxone Thread] Trying to create listeners for receiving
[02-07-2023 23:42:45.167] [INFO] [Loxone Thread] Settings from Loxone Miniserver fetched successfully
[02-07-2023 23:42:45.167] [INFO] [Loxone Thread] Configuring connection has been added successfully
[02-07-2023 23:42:45.167] [INFO] [Loxone Thread] Trying to create connection with Loxone Miniserver
[02-07-2023 23:42:45.386] [INFO] [Loxone Thread] Connection with Loxone Miniserver has been established successfully
[02-07-2023 23:42:45.387] [INFO] [Loxone Thread] Creating status update listener
[02-07-2023 23:42:45.390] [INFO] [Loxone Thread] Status update listener has been created
[02-07-2023 23:42:45.391] [INFO] [Voice Thread] Training voice model 10%
[02-07-2023 23:42:45.391] [INFO] [Voice Thread] Training voice model 20%
[02-07-2023 23:42:45.392] [INFO] [Voice Thread] Training voice model 30%
[02-07-2023 23:42:45.392] [INFO] [Voice Thread] Training voice model 40%
[02-07-2023 23:42:45.394] [INFO] [Voice Thread] Training voice model 60%
[02-07-2023 23:42:45.395] [INFO] [Voice Thread] Training voice model 80%
[02-07-2023 23:42:45.394] [INFO] [Voice Thread] Training voice model 70%
[02-07-2023 23:42:45.395] [INFO] [Voice Thread] Training voice model 90%
[02-07-2023 23:42:45.395] [INFO] [Voice Thread] Training voice model 100%
[02-07-2023 23:42:45.396] [INFO] [Voice Thread] Voice model has been trained
[02-07-2023 23:42:45.396] [INFO] [Interface Thread] Initializing Web interface listener
[02-07-2023 23:42:45.397] [INFO] [Interface Thread] Web interface listener has been initialized
[02-07-2023 23:42:45.397] [INFO] [Main Thread] Trying to create WebSocket listener
[02-07-2023 23:42:45.394] [INFO] [Voice Thread] Training voice model 50%
[02-07-2023 23:42:45.400] [INFO] [Main Thread] WebSocket listener is listening
[02-07-2023 23:42:45.405] [INFO] [Interface Thread] Web Interface listener has been created
[02-07-2023 23:42:45.401] [INFO] [Main Thread] Server has been fully started
[02-07-2023 23:42:45.403] [INFO] [Interface Thread] Trying to create Web Interface listener
[02-07-2023 23:42:45.405] [INFO] [Interface Thread] Web Interface listener running on http://localhost:80
[02-07-2023 23:43:13.62] [INFO] [Connection Thread] Client has connected [189b30e19a6]
[02-07-2023 23:45:34.96] [INFO] [Main Thread] Initializing varriables
[02-07-2023 23:45:34.99] [INFO] [Main Thread] Varriables has been inilialized
[02-07-2023 23:45:34.99] [INFO] [Main Thread] Loading configurations files
[02-07-2023 23:45:34.102] [INFO] [Main Thread] Configurations files has been loaded
[02-07-2023 23:45:34.103] [INFO] [Main Thread] Loading server cache and data files
[02-07-2023 23:45:34.105] [INFO] [Main Thread] Server cache and data files has been loaded
[02-07-2023 23:45:34.106] [INFO] [Loxone Thread] Trying to establish connection with Loxone Miniserver
[02-07-2023 23:45:34.106] [INFO] [Loxone Thread] Trying to create listeners for receiving
[02-07-2023 23:45:34.107] [INFO] [Loxone Thread] Listeners for receiving has been added successfully
[02-07-2023 23:45:34.107] [INFO] [Loxone Thread] Trying to fetch settings from Loxone Miniserver
[02-07-2023 23:45:34.199] [INFO] [Loxone Thread] Settings from Loxone Miniserver fetched successfully
[02-07-2023 23:45:34.199] [INFO] [Loxone Thread] Configuring connection has been added successfully
[02-07-2023 23:45:34.200] [INFO] [Loxone Thread] Trying to create connection with Loxone Miniserver
[02-07-2023 23:45:34.429] [INFO] [Loxone Thread] Connection with Loxone Miniserver has been established successfully
[02-07-2023 23:45:34.429] [INFO] [Loxone Thread] Creating status update listener
[02-07-2023 23:45:34.433] [INFO] [Loxone Thread] Status update listener has been created
[02-07-2023 23:45:34.435] [INFO] [Voice Thread] Training voice model 20%
[02-07-2023 23:45:34.435] [INFO] [Voice Thread] Training voice model 30%
[02-07-2023 23:45:34.436] [INFO] [Voice Thread] Training voice model 50%
[02-07-2023 23:45:34.436] [INFO] [Voice Thread] Training voice model 60%
[02-07-2023 23:45:34.437] [INFO] [Voice Thread] Training voice model 70%
[02-07-2023 23:45:34.437] [INFO] [Voice Thread] Training voice model 80%
[02-07-2023 23:45:34.437] [INFO] [Voice Thread] Training voice model 90%
[02-07-2023 23:45:34.438] [INFO] [Voice Thread] Training voice model 100%
[02-07-2023 23:45:34.438] [INFO] [Voice Thread] Voice model has been trained
[02-07-2023 23:45:34.438] [INFO] [Interface Thread] Initializing Web interface listener
[02-07-2023 23:45:34.439] [INFO] [Interface Thread] Web interface listener has been initialized
[02-07-2023 23:45:34.439] [INFO] [Main Thread] Trying to create WebSocket listener
[02-07-2023 23:45:34.434] [INFO] [Voice Thread] Training voice model 10%
[02-07-2023 23:45:34.436] [INFO] [Voice Thread] Training voice model 40%
[02-07-2023 23:45:34.447] [INFO] [Interface Thread] Web Interface listener has been created
[02-07-2023 23:45:34.443] [INFO] [Main Thread] Server has been fully started
[02-07-2023 23:45:34.447] [INFO] [Interface Thread] Web Interface listener running on http://localhost:80
[02-07-2023 23:45:34.443] [INFO] [Main Thread] WebSocket listener is listening
[02-07-2023 23:45:34.445] [INFO] [Interface Thread] Trying to create Web Interface listener
[02-07-2023 23:45:38.652] [INFO] [Connection Thread] Client has connected [189b310525c]
[02-07-2023 23:46:12.863] [INFO] [Main Thread] Initializing varriables
[02-07-2023 23:46:12.872] [INFO] [Main Thread] Varriables has been inilialized
[02-07-2023 23:46:12.875] [INFO] [Main Thread] Loading configurations files
[02-07-2023 23:46:12.879] [INFO] [Main Thread] Configurations files has been loaded
[02-07-2023 23:46:12.881] [INFO] [Main Thread] Loading server cache and data files
[02-07-2023 23:46:12.883] [INFO] [Main Thread] Server cache and data files has been loaded
[02-07-2023 23:46:12.895] [INFO] [Loxone Thread] Trying to establish connection with Loxone Miniserver
[02-07-2023 23:46:12.896] [INFO] [Loxone Thread] Trying to create listeners for receiving
[02-07-2023 23:46:12.896] [INFO] [Loxone Thread] Listeners for receiving has been added successfully
[02-07-2023 23:46:12.897] [INFO] [Loxone Thread] Trying to fetch settings from Loxone Miniserver
[02-07-2023 23:46:13.29] [INFO] [Loxone Thread] Configuring connection has been added successfully
[02-07-2023 23:46:13.29] [INFO] [Loxone Thread] Settings from Loxone Miniserver fetched successfully
[02-07-2023 23:46:13.30] [INFO] [Loxone Thread] Trying to create connection with Loxone Miniserver
[02-07-2023 23:46:13.268] [INFO] [Loxone Thread] Connection with Loxone Miniserver has been established successfully
[02-07-2023 23:46:13.272] [INFO] [Loxone Thread] Creating status update listener
[02-07-2023 23:46:13.283] [INFO] [Loxone Thread] Status update listener has been created
[02-07-2023 23:46:13.288] [INFO] [Voice Thread] Training voice model 10%
[02-07-2023 23:46:13.296] [INFO] [Voice Thread] Training voice model 20%
[02-07-2023 23:46:13.299] [INFO] [Voice Thread] Training voice model 30%
[02-07-2023 23:46:13.308] [INFO] [Voice Thread] Training voice model 40%
[02-07-2023 23:46:13.309] [INFO] [Voice Thread] Training voice model 50%
[02-07-2023 23:46:13.313] [INFO] [Voice Thread] Training voice model 60%
[02-07-2023 23:46:13.314] [INFO] [Voice Thread] Training voice model 70%
[02-07-2023 23:46:13.316] [INFO] [Voice Thread] Training voice model 80%
[02-07-2023 23:46:13.316] [INFO] [Voice Thread] Training voice model 90%
[02-07-2023 23:46:13.321] [INFO] [Voice Thread] Training voice model 100%
[02-07-2023 23:46:13.329] [INFO] [Voice Thread] Voice model has been trained
[02-07-2023 23:46:13.330] [INFO] [Interface Thread] Initializing Web interface listener
[02-07-2023 23:46:13.332] [INFO] [Interface Thread] Web interface listener has been initialized
[02-07-2023 23:46:13.335] [INFO] [Main Thread] Trying to create WebSocket listener
[02-07-2023 23:46:13.339] [INFO] [Main Thread] WebSocket listener is listening
[02-07-2023 23:46:13.339] [INFO] [Main Thread] Server has been fully started
[02-07-2023 23:46:13.341] [INFO] [Interface Thread] Trying to create Web Interface listener
[02-07-2023 23:46:13.343] [INFO] [Interface Thread] Web Interface listener has been created
[02-07-2023 23:46:13.343] [INFO] [Interface Thread] Web Interface listener running on http://localhost:80
[02-07-2023 23:46:15.197] [INFO] [Connection Thread] Client has connected [189b310e11d]
[02-07-2023 23:46:36.797] [INFO] [Main Thread] Initializing varriables
[02-07-2023 23:46:36.801] [INFO] [Main Thread] Varriables has been inilialized
[02-07-2023 23:46:36.801] [INFO] [Main Thread] Loading configurations files
[02-07-2023 23:46:36.809] [INFO] [Main Thread] Configurations files has been loaded
[02-07-2023 23:46:36.826] [INFO] [Main Thread] Loading server cache and data files
[02-07-2023 23:46:36.830] [INFO] [Main Thread] Server cache and data files has been loaded
[02-07-2023 23:46:36.832] [INFO] [Loxone Thread] Trying to establish connection with Loxone Miniserver
[02-07-2023 23:46:36.832] [INFO] [Loxone Thread] Trying to create listeners for receiving
[02-07-2023 23:46:36.833] [INFO] [Loxone Thread] Listeners for receiving has been added successfully
[02-07-2023 23:46:36.833] [INFO] [Loxone Thread] Trying to fetch settings from Loxone Miniserver
[02-07-2023 23:46:36.929] [INFO] [Loxone Thread] Settings from Loxone Miniserver fetched successfully
[02-07-2023 23:46:36.930] [INFO] [Loxone Thread] Configuring connection has been added successfully
[02-07-2023 23:46:36.930] [INFO] [Loxone Thread] Trying to create connection with Loxone Miniserver
[02-07-2023 23:46:37.210] [INFO] [Loxone Thread] Creating status update listener
[02-07-2023 23:46:37.194] [INFO] [Loxone Thread] Connection with Loxone Miniserver has been established successfully
[02-07-2023 23:46:37.220] [INFO] [Loxone Thread] Status update listener has been created
[02-07-2023 23:46:37.239] [INFO] [Voice Thread] Training voice model 40%
[02-07-2023 23:46:37.240] [INFO] [Voice Thread] Training voice model 50%
[02-07-2023 23:46:37.244] [INFO] [Voice Thread] Training voice model 60%
[02-07-2023 23:46:37.245] [INFO] [Voice Thread] Training voice model 70%
[02-07-2023 23:46:37.246] [INFO] [Voice Thread] Training voice model 80%
[02-07-2023 23:46:37.248] [INFO] [Voice Thread] Training voice model 90%
[02-07-2023 23:46:37.249] [INFO] [Voice Thread] Training voice model 100%
[02-07-2023 23:46:37.250] [INFO] [Voice Thread] Voice model has been trained
[02-07-2023 23:46:37.250] [INFO] [Interface Thread] Initializing Web interface listener
[02-07-2023 23:46:37.251] [INFO] [Interface Thread] Web interface listener has been initialized
[02-07-2023 23:46:37.251] [INFO] [Main Thread] Trying to create WebSocket listener
[02-07-2023 23:46:37.255] [INFO] [Main Thread] WebSocket listener is listening
[02-07-2023 23:46:37.255] [INFO] [Main Thread] Server has been fully started
[02-07-2023 23:46:37.257] [INFO] [Interface Thread] Trying to create Web Interface listener
[02-07-2023 23:46:37.259] [INFO] [Interface Thread] Web Interface listener has been created
[02-07-2023 23:46:37.259] [INFO] [Interface Thread] Web Interface listener running on http://localhost:80
[02-07-2023 23:46:37.234] [INFO] [Voice Thread] Training voice model 10%
[02-07-2023 23:46:37.235] [INFO] [Voice Thread] Training voice model 20%
[02-07-2023 23:46:37.237] [INFO] [Voice Thread] Training voice model 30%
[02-07-2023 23:46:43.769] [INFO] [Connection Thread] Client has connected [189b31150b9]
[02-07-2023 23:53:28.730] [INFO] [Main Thread] Initializing varriables
[02-07-2023 23:53:28.734] [INFO] [Main Thread] Varriables has been inilialized
[02-07-2023 23:53:28.735] [INFO] [Main Thread] Loading configurations files
[02-07-2023 23:53:28.737] [INFO] [Main Thread] Configurations files has been loaded
[02-07-2023 23:53:28.738] [INFO] [Main Thread] Loading server cache and data files
[02-07-2023 23:53:28.739] [INFO] [Main Thread] Server cache and data files has been loaded
[02-07-2023 23:53:28.739] [INFO] [Loxone Thread] Trying to establish connection with Loxone Miniserver
[02-07-2023 23:53:28.739] [INFO] [Loxone Thread] Trying to create listeners for receiving
[02-07-2023 23:53:28.740] [INFO] [Loxone Thread] Listeners for receiving has been added successfully
[02-07-2023 23:53:28.740] [INFO] [Loxone Thread] Trying to fetch settings from Loxone Miniserver
[02-07-2023 23:53:28.852] [INFO] [Loxone Thread] Settings from Loxone Miniserver fetched successfully
[02-07-2023 23:53:28.856] [INFO] [Loxone Thread] Configuring connection has been added successfully
[02-07-2023 23:53:28.857] [INFO] [Loxone Thread] Trying to create connection with Loxone Miniserver
[02-07-2023 23:53:29.84] [INFO] [Loxone Thread] Connection with Loxone Miniserver has been established successfully
[02-07-2023 23:53:29.85] [INFO] [Loxone Thread] Creating status update listener
[02-07-2023 23:53:29.90] [INFO] [Loxone Thread] Status update listener has been created
[02-07-2023 23:53:29.90] [INFO] [Voice Thread] Training voice model 10%
[02-07-2023 23:53:29.91] [INFO] [Voice Thread] Training voice model 20%
[02-07-2023 23:53:29.91] [INFO] [Voice Thread] Training voice model 40%
[02-07-2023 23:53:29.92] [INFO] [Voice Thread] Training voice model 50%
[02-07-2023 23:53:29.92] [INFO] [Voice Thread] Training voice model 60%
[02-07-2023 23:53:29.92] [INFO] [Voice Thread] Training voice model 70%
[02-07-2023 23:53:29.93] [INFO] [Voice Thread] Training voice model 80%
[02-07-2023 23:53:29.93] [INFO] [Voice Thread] Training voice model 90%
[02-07-2023 23:53:29.93] [INFO] [Voice Thread] Training voice model 100%
[02-07-2023 23:53:29.94] [INFO] [Voice Thread] Voice model has been trained
[02-07-2023 23:53:29.95] [INFO] [Interface Thread] Web interface listener has been initialized
[02-07-2023 23:53:29.99] [INFO] [Main Thread] WebSocket listener is listening
[02-07-2023 23:53:29.99] [INFO] [Main Thread] Server has been fully started
[02-07-2023 23:53:29.101] [INFO] [Interface Thread] Trying to create Web Interface listener
[02-07-2023 23:53:29.103] [INFO] [Interface Thread] Web Interface listener has been created
[02-07-2023 23:53:29.103] [INFO] [Interface Thread] Web Interface listener running on http://localhost:80
[02-07-2023 23:53:29.94] [INFO] [Interface Thread] Initializing Web interface listener
[02-07-2023 23:53:29.95] [INFO] [Main Thread] Trying to create WebSocket listener
[02-07-2023 23:53:29.91] [INFO] [Voice Thread] Training voice model 30%
[02-07-2023 23:53:32.187] [INFO] [Connection Thread] Client has connected [189b3178c1b]
