2023-06-18 10:00:51 0 [Note] InnoDB: Mutexes and rw_locks use Windows interlocked functions
2023-06-18 10:00:51 0 [Note] InnoDB: Uses event mutexes
2023-06-18 10:00:51 0 [Note] InnoDB: Compressed tables use zlib 1.2.11
2023-06-18 10:00:51 0 [Note] InnoDB: Number of pools: 1
2023-06-18 10:00:51 0 [Note] InnoDB: Using SSE2 crc32 instructions
2023-06-18 10:00:51 0 [Note] InnoDB: Initializing buffer pool, total size = 16M, instances = 1, chunk size = 16M
2023-06-18 10:00:51 0 [Note] InnoDB: Completed initialization of buffer pool
2023-06-18 10:00:51 0 [Note] InnoDB: Starting crash recovery from checkpoint LSN=300288
2023-06-18 10:00:51 0 [Note] InnoDB: 128 out of 128 rollback segments are active.
2023-06-18 10:00:51 0 [Note] InnoDB: Removed temporary tablespace data file: "ibtmp1"
2023-06-18 10:00:51 0 [Note] InnoDB: Creating shared tablespace for temporary tables
2023-06-18 10:00:51 0 [Note] InnoDB: Setting file 'C:\xampp\mysql\data\ibtmp1' size to 12 MB. Physically writing the file full; Please wait ...
2023-06-18 10:00:51 0 [Note] InnoDB: File 'C:\xampp\mysql\data\ibtmp1' size is now 12 MB.
2023-06-18 10:00:51 0 [Note] InnoDB: Waiting for purge to start
2023-06-18 10:00:51 0 [Note] InnoDB: 10.4.25 started; log sequence number 300297; transaction id 170
2023-06-18 10:00:51 0 [Note] InnoDB: Loading buffer pool(s) from C:\xampp\mysql\data\ib_buffer_pool
2023-06-18 10:00:51 0 [Note] Plugin 'FEEDBACK' is disabled.
2023-06-18 10:00:51 0 [Note] InnoDB: Buffer pool(s) load completed at 230618 10:00:51
2023-06-18 10:00:51 0 [Note] Server socket created on IP: '::'.
2023-06-20 14:11:37 0 [Note] InnoDB: Mutexes and rw_locks use Windows interlocked functions
2023-06-20 14:11:37 0 [Note] InnoDB: Uses event mutexes
2023-06-20 14:11:37 0 [Note] InnoDB: Compressed tables use zlib 1.2.11
2023-06-20 14:11:37 0 [Note] InnoDB: Number of pools: 1
2023-06-20 14:11:37 0 [Note] InnoDB: Using SSE2 crc32 instructions
2023-06-20 14:11:37 0 [Note] InnoDB: Initializing buffer pool, total size = 16M, instances = 1, chunk size = 16M
2023-06-20 14:11:37 0 [Note] InnoDB: Completed initialization of buffer pool
2023-06-20 14:11:38 0 [Note] InnoDB: Starting crash recovery from checkpoint LSN=307505
2023-06-20 14:11:38 0 [Note] InnoDB: 128 out of 128 rollback segments are active.
2023-06-20 14:11:38 0 [Note] InnoDB: Removed temporary tablespace data file: "ibtmp1"
2023-06-20 14:11:38 0 [Note] InnoDB: Creating shared tablespace for temporary tables
2023-06-20 14:11:38 0 [Note] InnoDB: Setting file 'C:\xampp\mysql\data\ibtmp1' size to 12 MB. Physically writing the file full; Please wait ...
2023-06-20 14:11:38 0 [Note] InnoDB: File 'C:\xampp\mysql\data\ibtmp1' size is now 12 MB.
2023-06-20 14:11:38 0 [Note] InnoDB: Waiting for purge to start
2023-06-20 14:11:38 0 [Note] InnoDB: 10.4.25 started; log sequence number 307514; transaction id 203
2023-06-20 14:11:38 0 [Note] InnoDB: Loading buffer pool(s) from C:\xampp\mysql\data\ib_buffer_pool
2023-06-20 14:11:38 0 [Note] Plugin 'FEEDBACK' is disabled.
2023-06-20 14:11:38 0 [Note] InnoDB: Buffer pool(s) load completed at 230620 14:11:38
2023-06-20 14:11:38 0 [Note] Server socket created on IP: '::'.
