2023-06-20 14:44:06 0 [Note] InnoDB: Mutexes and rw_locks use Windows interlocked functions
2023-06-20 14:44:06 0 [Note] InnoDB: Uses event mutexes
2023-06-20 14:44:06 0 [Note] InnoDB: Compressed tables use zlib 1.2.11
2023-06-20 14:44:06 0 [Note] InnoDB: Number of pools: 1
2023-06-20 14:44:06 0 [Note] InnoDB: Using SSE2 crc32 instructions
2023-06-20 14:44:06 0 [Note] InnoDB: Initializing buffer pool, total size = 128M, instances = 1, chunk size = 128M
2023-06-20 14:44:06 0 [Note] InnoDB: Completed initialization of buffer pool
2023-06-20 14:44:06 0 [Note] InnoDB: Starting crash recovery from checkpoint LSN=314996
2023-06-20 14:44:06 0 [Note] InnoDB: Resizing redo log from 2*5242880 to 2*50331648 bytes; LSN=315014
2023-06-20 14:44:06 0 [Note] InnoDB: Starting to delete and rewrite log files.
2023-06-20 14:44:06 0 [Note] InnoDB: Setting log file .\ib_logfile101 size to 50331648 bytes
2023-06-20 14:44:06 0 [Note] InnoDB: Setting log file .\ib_logfile1 size to 50331648 bytes
2023-06-20 14:44:06 0 [Note] InnoDB: Renaming log file .\ib_logfile101 to .\ib_logfile0
2023-06-20 14:44:06 0 [Note] InnoDB: New log files created, LSN=315014
2023-06-20 14:44:06 0 [Note] InnoDB: 128 out of 128 rollback segments are active.
2023-06-20 14:44:06 0 [Note] InnoDB: Removed temporary tablespace data file: "ibtmp1"
2023-06-20 14:44:06 0 [Note] InnoDB: Creating shared tablespace for temporary tables
2023-06-20 14:44:06 0 [Note] InnoDB: Setting file '.\ibtmp1' size to 12 MB. Physically writing the file full; Please wait ...
2023-06-20 14:44:06 0 [Note] InnoDB: File '.\ibtmp1' size is now 12 MB.
2023-06-20 14:44:06 0 [Note] InnoDB: Waiting for purge to start
2023-06-20 14:44:06 0 [Note] InnoDB: 10.4.25 started; log sequence number 315014; transaction id 257
2023-06-20 14:44:06 0 [Note] InnoDB: Loading buffer pool(s) from c:\xampp\mysql\data\ib_buffer_pool
2023-06-20 14:44:06 0 [Note] Plugin 'FEEDBACK' is disabled.
2023-06-20 14:44:06 0 [Note] InnoDB: Buffer pool(s) load completed at 230620 14:44:06
2023-06-20 14:44:06 0 [Note] Server socket created on IP: '::'.
2023-06-20 14:44:06 0 [Note] Reading of all Master_info entries succeeded
2023-06-20 14:44:06 0 [Note] Added new Master_info '' to hash table
2023-06-20 14:44:06 0 [Note] mysql\bin\mysqld: ready for connections.
Version: '10.4.25-MariaDB'  socket: ''  port: 3306  mariadb.org binary distribution
